<?xml version="1.0" encoding="UTF-8"?>
<!-- Generated by org.testng.reporters.JUnitReportReporter -->
<testsuite hostname="DESKTOP-CK1513P" failures="0" tests="5" name="testCases.TC003_LoginDDT" time="33.891" errors="0" timestamp="2026-01-24T23:22:45 IST" skipped="0">
  <testcase classname="testCases.TC003_LoginDDT" name="verify_loginDDT" time="12.967"/>
  <testcase classname="testCases.TC003_LoginDDT" name="verify_loginDDT" time="2.829"/>
  <testcase classname="testCases.TC003_LoginDDT" name="verify_loginDDT" time="3.449"/>
  <testcase classname="testCases.TC003_LoginDDT" name="verify_loginDDT" time="10.835"/>
  <testcase classname="testCases.TC003_LoginDDT" name="verify_loginDDT" time="3.811"/>
</testsuite> <!-- testCases.TC003_LoginDDT -->
